Diagnose log at 2026-06-25T05:27:02Z

AppPath: C:\Program Files\Git\mingw64\bin\git-credential-manager.exe
InstallDir: C:\Program Files\Git\mingw64\bin\
Version: 2.6.1+786ab03440ddc82e807a97c0e540f5247e44cec6

------------
Diagnostic: Environment
Skipped: False
Success: True
Exception: None
Log:
OSType: Windows
OSVersion: 10.0 (build 26200)
Reading environment variables... OK
 Variables:
HOMEPATH=\Users\USER
DriverData=C:\Windows\System32\Drivers\DriverData
COMPUTERNAME=REGIO
GIT_TRACE2_PARENT_SID=b1124a0b-df79-4a0d-8843-2f190dbba1c5
CommonProgramFiles(x86)=C:\Program Files (x86)\Common Files
ProgramW6432=C:\Program Files
OneDrive=C:\Users\USER\OneDrive
ChocolateyLastPathUpdate=134142985012168370
SESSIONNAME=Console
EFC_8112_2775293581=1
PROCESSOR_REVISION=8c01
EFC_8112_1592913036=1
EFC_8112_2283032206=1
GIT_EXEC_PATH=C:/Program Files/Git/mingw64/libexec/git-core
TEMP=C:\Users\USER\AppData\Local\Temp
LOCALAPPDATA=C:\Users\USER\AppData\Local
MSYSTEM=MINGW64
TERM=xterm-256color
__PSLockDownPolicy=0
COLORTERM=truecolor
USERDOMAIN=REGIO
Path=C:/Program Files/Git/mingw64/libexec/git-core;C:\Program Files\Git\mingw64\bin;C:\Program Files\Git\usr\bin;C:\Users\USER\bin;C:\Python314\Scripts\;C:\Python314\;C:\Program Files (x86)\Common Files\Oracle\Java\javapath;C:\WINDOWS\system32;C:\WINDOWS;C:\WINDOWS\System32\Wbem;C:\WINDOWS\System32\WindowsPowerShell\v1.0\;C:\WINDOWS\System32\OpenSSH\;C:\Program Files\Microsoft SQL Server\150\Tools\Binn\;C:\Program Files\Microsoft SQL Server\Client SDK\ODBC\170\Tools\Binn\;C:\Program Files\dotnet\;C:\Program Files (x86)\Windows Kits\10\Windows Performance Toolkit\;C:\Program Files\nodejs\;C:\ProgramData\chocolatey\bin;C:\Program Files\Git\cmd;C:\Users\USER\AppData\Local\Microsoft\WindowsApps;C:\Users\USER\.dotnet\tools;C:\Users\USER\AppData\Local\Programs\Microsoft VS Code\bin;C:\Users\USER\AppData\Roaming\npm
PROCESSOR_LEVEL=6
PROCESSOR_IDENTIFIER=Intel64 Family 6 Model 140 Stepping 1, GenuineIntel
TMPDIR=C:\Users\USER\AppData\Local\Temp
PROMPT=$P$G
ProgramFiles(x86)=C:\Program Files (x86)
PUBLIC=C:\Users\Public
NUMBER_OF_PROCESSORS=8
FPS_BROWSER_USER_PROFILE_STRING=Default
CommonProgramFiles=C:\Program Files (x86)\Common Files
TMP=C:\Users\USER\AppData\Local\Temp
MOZ_PLUGIN_PATH=C:\Program Files (x86)\Foxit Software\Foxit PDF Reader\plugins\
PLINK_PROTOCOL=ssh
ProgramData=C:\ProgramData
ProgramFiles=C:\Program Files (x86)
ChocolateyInstall=C:\ProgramData\chocolatey
EFC_8112_1262719628=1
PATHEXT=.COM;.EXE;.BAT;.CMD;.VBS;.VBE;.JS;.JSE;.WSF;.WSH;.MSC;.PY;.PYW
HOME=C:\Users\USER
LC_CTYPE=C.UTF-8
CommonProgramW6432=C:\Program Files\Common Files
ZES_ENABLE_SYSMAN=1
LOGONSERVER=\\REGIO
USERPROFILE=C:\Users\USER
SystemRoot=C:\WINDOWS
USERDOMAIN_ROAMINGPROFILE=REGIO
APPDATA=C:\Users\USER\AppData\Roaming
HOMEDRIVE=C:
VBOX_MSI_INSTALL_PATH=C:\Program Files\Oracle\VirtualBox\
EFC_8112_4126798990=1
PSModulePath=C:\Program Files\WindowsPowerShell\Modules;C:\WINDOWS\system32\WindowsPowerShell\v1.0\Modules
EFC_8112_3789132940=1
USERNAME=USER
PROCESSOR_ARCHITEW6432=AMD64
FPS_BROWSER_APP_PROFILE_STRING=Internet Explorer
PROCESSOR_ARCHITECTURE=x86
OS=Windows_NT
ComSpec=C:\WINDOWS\system32\cmd.exe
SystemDrive=C:
windir=C:\WINDOWS
ALLUSERSPROFILE=C:\ProgramData


------------
Diagnostic: File system
Skipped: False
Success: True
Exception: None
Log:
Temporary directory is 'C:\Users\USER\AppData\Local\Temp\'...
Checking basic file I/O...
Writing to temporary file 'C:\Users\USER\AppData\Local\Temp\96ad4b9d832b8b06140f00e5'... OK
Reading from temporary file 'C:\Users\USER\AppData\Local\Temp\96ad4b9d832b8b06140f00e5'... OK
Deleting temporary file 'C:\Users\USER\AppData\Local\Temp\96ad4b9d832b8b06140f00e5'... OK
Testing IFileSystem instance...
UserHomePath: C:\Users\USER
UserDataDirectoryPath: C:\Users\USER\.gcm
GetCurrentDirectory(): C:\Users\USER\Documents\opcr-dashboard

------------
Diagnostic: Networking
Skipped: False
Success: True
Exception: None
Log:
Checking networking and HTTP stack...
Creating HTTP client... OK
IsNetworkAvailable: True
Sending HEAD request to http://example.com...Sending HEAD request to https://example.com... OK
 OK
Acquiring free TCP port... OK
Testing local HTTP loopback connections...
Creating new HTTP listener for http://localhost:56894/... OK
Waiting for loopback connection... OK
Writing response... OK
Waiting for response data... OK
Loopback connection data OK

------------
Diagnostic: Git
Skipped: False
Success: True
Exception: None
Log:
Getting Git version... OK
Git version is '2.52.0.windows.1'
Locating current repository...Git repository at 'C:/Users/USER/Documents/opcr-dashboard/.git'
 OK
Listing all Git configuration... OK
Git configuration:
file:C:/Program Files/Git/etc/gitconfig	diff.astextplain.textconv=astextplain
file:C:/Program Files/Git/etc/gitconfig	filter.lfs.clean=git-lfs clean -- %f
file:C:/Program Files/Git/etc/gitconfig	filter.lfs.smudge=git-lfs smudge -- %f
file:C:/Program Files/Git/etc/gitconfig	filter.lfs.process=git-lfs filter-process
file:C:/Program Files/Git/etc/gitconfig	filter.lfs.required=true
file:C:/Program Files/Git/etc/gitconfig	http.sslbackend=schannel
file:C:/Program Files/Git/etc/gitconfig	core.autocrlf=true
file:C:/Program Files/Git/etc/gitconfig	core.fscache=true
file:C:/Program Files/Git/etc/gitconfig	core.symlinks=false
file:C:/Program Files/Git/etc/gitconfig	pull.rebase=false
file:C:/Program Files/Git/etc/gitconfig	credential.helper=manager
file:C:/Program Files/Git/etc/gitconfig	credential.https://dev.azure.com.usehttppath=true
file:C:/Program Files/Git/etc/gitconfig	init.defaultbranch=master
file:C:/Users/USER/.gitconfig	user.name=matmacote
file:C:/Users/USER/.gitconfig	user.email=mat.macote@lgusanfernandobuk.gov.ph
file:C:/Users/USER/.gitconfig	pull.rebase=false
file:.git/config	core.repositoryformatversion=0
file:.git/config	core.filemode=false
file:.git/config	core.bare=false
file:.git/config	core.logallrefupdates=true
file:.git/config	core.symlinks=false
file:.git/config	core.ignorecase=true
file:.git/config	remote.origin.url=https://github.com/mpmacote-cloud/tesda-opcr-dashboard.git
file:.git/config	remote.origin.fetch=+refs/heads/*:refs/remotes/origin/*
file:.git/config	branch.main.remote=origin
file:.git/config	branch.main.merge=refs/heads/main


------------
Diagnostic: Credential storage
Skipped: False
Success: True
Exception: None
Log:
ICredentialStore instance is of type: CredentialStore
Writing test credential... OK
Reading test credential... OK
Deleting test credential... OK

------------
Diagnostic: Microsoft authentication (AAD/MSA)
Skipped: False
Success: True
Exception: None
Log:
Broker is not enabled.
Flow type is: Auto
Gathering MSAL token cache data... OK
CacheDirectory: C:\Users\USER\AppData\Local\.IdentityService
CacheFileName: msal.cache
CacheFilePath: C:\Users\USER\AppData\Local\.IdentityService\msal.cache
Creating cache helper... OK
Verifying MSAL token cache persistence... OK

------------
Diagnostic: GitHub API
Skipped: False
Success: True
Exception: None
Log:
Using 'https://github.com/' as API target.
Querying '/meta' endpoint... OK

